# JRE version: OpenJDK Runtime Environment (8.0_212-b04) (build 1.8.0_212-release-1586-b04)
# Java VM: OpenJDK 64-Bit Server VM (25.212-b04 mixed mode windows-amd64 compressed oops)
Heap:
 PSYoungGen      total 488448K, used 390718K [0x00000000e0000000, 0x0000000100000000, 0x0000000100000000)
  eden space 463872K, 78% used [0x00000000e0000000,0x00000000f6592db0,0x00000000fc500000)
  from space 24576K, 99% used [0x00000000fe800000,0x00000000ffffcc98,0x0000000100000000)
  to   space 30208K, 0% used [0x00000000fc500000,0x00000000fc500000,0x00000000fe280000)
 ParOldGen       total 119808K, used 37782K [0x00000000a0000000, 0x00000000a7500000, 0x00000000e0000000)
  object space 119808K, 31% used [0x00000000a0000000,0x00000000a24e5b48,0x00000000a7500000)
 Metaspace       used 84252K, capacity 87752K, committed 88064K, reserved 1126400K
  class space    used 10932K, capacity 11704K, committed 11776K, reserved 1048576K
GC Heap History (10 events):
Event: 10.066 GC heap before
{Heap before GC invocations=9 (full 2):
 PSYoungGen      total 272896K, used 9199K [0x00000000e0000000, 0x00000000f8c80000, 0x0000000100000000)
  eden space 257024K, 0% used [0x00000000e0000000,0x00000000e0000000,0x00000000efb00000)
  from space 15872K, 57% used [0x00000000efb00000,0x00000000f03fbf98,0x00000000f0a80000)
  to   space 15360K, 0% used [0x00000000f7d80000,0x00000000f7d80000,0x00000000f8c80000)
 ParOldGen       total 57856K, used 8186K [0x00000000a0000000, 0x00000000a3880000, 0x00000000e0000000)
  object space 57856K, 14% used [0x00000000a0000000,0x00000000a07feb30,0x00000000a3880000)
 Metaspace       used 34630K, capacity 35370K, committed 35496K, reserved 1079296K
  class space    used 4586K, capacity 4812K, committed 4864K, reserved 1048576K
Event: 10.196 GC heap after
Heap after GC invocations=9 (full 2):
 PSYoungGen      total 272896K, used 0K [0x00000000e0000000, 0x00000000f8c80000, 0x0000000100000000)
  eden space 257024K, 0% used [0x00000000e0000000,0x00000000e0000000,0x00000000efb00000)
  from space 15872K, 0% used [0x00000000efb00000,0x00000000efb00000,0x00000000f0a80000)
  to   space 15360K, 0% used [0x00000000f7d80000,0x00000000f7d80000,0x00000000f8c80000)
 ParOldGen       total 82432K, used 16578K [0x00000000a0000000, 0x00000000a5080000, 0x00000000e0000000)
  object space 82432K, 20% used [0x00000000a0000000,0x00000000a1030b80,0x00000000a5080000)
 Metaspace       used 34630K, capacity 35370K, committed 35496K, reserved 1079296K
  class space    used 4586K, capacity 4812K, committed 4864K, reserved 1048576K
}
Event: 16.754 GC heap before
{Heap before GC invocations=10 (full 2):
 PSYoungGen      total 272896K, used 257024K [0x00000000e0000000, 0x00000000f8c80000, 0x0000000100000000)
  eden space 257024K, 100% used [0x00000000e0000000,0x00000000efb00000,0x00000000efb00000)
  from space 15872K, 0% used [0x00000000efb00000,0x00000000efb00000,0x00000000f0a80000)
  to   space 15360K, 0% used [0x00000000f7d80000,0x00000000f7d80000,0x00000000f8c80000)
 ParOldGen       total 82432K, used 16578K [0x00000000a0000000, 0x00000000a5080000, 0x00000000e0000000)
  object space 82432K, 20% used [0x00000000a0000000,0x00000000a1030b80,0x00000000a5080000)
 Metaspace       used 53592K, capacity 55330K, committed 55424K, reserved 1097728K
  class space    used 7085K, capacity 7526K, committed 7552K, reserved 1048576K
Event: 16.806 GC heap after
Heap after GC invocations=10 (full 2):
 PSYoungGen      total 383488K, used 15344K [0x00000000e0000000, 0x00000000fb000000, 0x0000000100000000)
  eden space 368128K, 0% used [0x00000000e0000000,0x00000000e0000000,0x00000000f6780000)
  from space 15360K, 99% used [0x00000000f7d80000,0x00000000f8c7c1c8,0x00000000f8c80000)
  to   space 22528K, 0% used [0x00000000f6780000,0x00000000f6780000,0x00000000f7d80000)
 ParOldGen       total 82432K, used 27921K [0x00000000a0000000, 0x00000000a5080000, 0x00000000e0000000)
  object space 82432K, 33% used [0x00000000a0000000,0x00000000a1b445a0,0x00000000a5080000)
 Metaspace       used 53592K, capacity 55330K, committed 55424K, reserved 1097728K
  class space    used 7085K, capacity 7526K, committed 7552K, reserved 1048576K
}
Event: 17.975 GC heap before
{Heap before GC invocations=11 (full 2):
 PSYoungGen      total 383488K, used 71430K [0x00000000e0000000, 0x00000000fb000000, 0x0000000100000000)
  eden space 368128K, 15% used [0x00000000e0000000,0x00000000e36c5a28,0x00000000f6780000)
  from space 15360K, 99% used [0x00000000f7d80000,0x00000000f8c7c1c8,0x00000000f8c80000)
  to   space 22528K, 0% used [0x00000000f6780000,0x00000000f6780000,0x00000000f7d80000)
 ParOldGen       total 82432K, used 27921K [0x00000000a0000000, 0x00000000a5080000, 0x00000000e0000000)
  object space 82432K, 33% used [0x00000000a0000000,0x00000000a1b445a0,0x00000000a5080000)
 Metaspace       used 57080K, capacity 59142K, committed 59160K, reserved 1099776K
  class space    used 7706K, capacity 8189K, committed 8192K, reserved 1048576K
Event: 18.007 GC heap after
Heap after GC invocations=11 (full 2):
 PSYoungGen      total 390656K, used 18387K [0x00000000e0000000, 0x0000000100000000, 0x0000000100000000)
  eden space 368128K, 0% used [0x00000000e0000000,0x00000000e0000000,0x00000000f6780000)
  from space 22528K, 81% used [0x00000000f6780000,0x00000000f7974da0,0x00000000f7d80000)
  to   space 24576K, 0% used [0x00000000fe800000,0x00000000fe800000,0x0000000100000000)
 ParOldGen       total 82432K, used 27929K [0x00000000a0000000, 0x00000000a5080000, 0x00000000e0000000)
  object space 82432K, 33% used [0x00000000a0000000,0x00000000a1b465a0,0x00000000a5080000)
 Metaspace       used 57080K, capacity 59142K, committed 59160K, reserved 1099776K
  class space    used 7706K, capacity 8189K, committed 8192K, reserved 1048576K
}
Event: 18.007 GC heap before
{Heap before GC invocations=12 (full 3):
 PSYoungGen      total 390656K, used 18387K [0x00000000e0000000, 0x0000000100000000, 0x0000000100000000)
  eden space 368128K, 0% used [0x00000000e0000000,0x00000000e0000000,0x00000000f6780000)
  from space 22528K, 81% used [0x00000000f6780000,0x00000000f7974da0,0x00000000f7d80000)
  to   space 24576K, 0% used [0x00000000fe800000,0x00000000fe800000,0x0000000100000000)
 ParOldGen       total 82432K, used 27929K [0x00000000a0000000, 0x00000000a5080000, 0x00000000e0000000)
  object space 82432K, 33% used [0x00000000a0000000,0x00000000a1b465a0,0x00000000a5080000)
 Metaspace       used 57080K, capacity 59142K, committed 59160K, reserved 1099776K
  class space    used 7706K, capacity 8189K, committed 8192K, reserved 1048576K
Event: 18.317 GC heap after
Heap after GC invocations=12 (full 3):
 PSYoungGen      total 390656K, used 0K [0x00000000e0000000, 0x0000000100000000, 0x0000000100000000)
  eden space 368128K, 0% used [0x00000000e0000000,0x00000000e0000000,0x00000000f6780000)
  from space 22528K, 0% used [0x00000000f6780000,0x00000000f6780000,0x00000000f7d80000)
  to   space 24576K, 0% used [0x00000000fe800000,0x00000000fe800000,0x0000000100000000)
 ParOldGen       total 119808K, used 32231K [0x00000000a0000000, 0x00000000a7500000, 0x00000000e0000000)
  object space 119808K, 26% used [0x00000000a0000000,0x00000000a1f79db8,0x00000000a7500000)
 Metaspace       used 57018K, capacity 59006K, committed 59160K, reserved 1099776K
  class space    used 7688K, capacity 8166K, committed 8192K, reserved 1048576K
}
Event: 36.429 GC heap before
{Heap before GC invocations=13 (full 3):
 PSYoungGen      total 390656K, used 368128K [0x00000000e0000000, 0x0000000100000000, 0x0000000100000000)
  eden space 368128K, 100% used [0x00000000e0000000,0x00000000f6780000,0x00000000f6780000)
  from space 22528K, 0% used [0x00000000f6780000,0x00000000f6780000,0x00000000f7d80000)
  to   space 24576K, 0% used [0x00000000fe800000,0x00000000fe800000,0x0000000100000000)
 ParOldGen       total 119808K, used 32231K [0x00000000a0000000, 0x00000000a7500000, 0x00000000e0000000)
  object space 119808K, 26% used [0x00000000a0000000,0x00000000a1f79db8,0x00000000a7500000)
 Metaspace       used 76235K, capacity 79378K, committed 79616K, reserved 1118208K
  class space    used 10069K, capacity 10751K, committed 10752K, reserved 1048576K
Event: 36.520 GC heap after
Heap after GC invocations=13 (full 3):
 PSYoungGen      total 488448K, used 24563K [0x00000000e0000000, 0x0000000100000000, 0x0000000100000000)
  eden space 463872K, 0% used [0x00000000e0000000,0x00000000e0000000,0x00000000fc500000)
  from space 24576K, 99% used [0x00000000fe800000,0x00000000ffffcc98,0x0000000100000000)
  to   space 30208K, 0% used [0x00000000fc500000,0x00000000fc500000,0x00000000fe280000)
 ParOldGen       total 119808K, used 37782K [0x00000000a0000000, 0x00000000a7500000, 0x00000000e0000000)
  object space 119808K, 31% used [0x00000000a0000000,0x00000000a24e5b48,0x00000000a7500000)
 Metaspace       used 76235K, capacity 79378K, committed 79616K, reserved 1118208K
  class space    used 10069K, capacity 10751K, committed 10752K, reserved 1048576K
}

